<?xml version="1.0" encoding="UTF-8"?>
<!-- Generated by org.testng.reporters.JUnitXMLReporter -->
<testsuite hostname="ADMIN-PC" ignored="0" name="Default test" tests="10" failures="0" timestamp="23 Jul 2020 15:14:38 GMT" time="28.937" errors="0">
  <testcase name="verifyTitle" time="0.301" classname="com.demo.test"/>
  <testcase name="step1" time="2.206" classname="com.demo.test"/>
  <testcase name="step2" time="3.364" classname="com.demo.test"/>
  <testcase name="step3" time="2.298" classname="com.demo.test"/>
  <testcase name="step4" time="2.296" classname="com.demo.test"/>
  <testcase name="step5" time="0.098" classname="com.demo.test"/>
  <testcase name="step6" time="3.057" classname="com.demo.test"/>
  <testcase name="step7" time="0.322" classname="com.demo.test"/>
  <testcase name="step8" time="3.474" classname="com.demo.test"/>
  <testcase name="step9" time="0.297" classname="com.demo.test"/>
</testsuite> <!-- Default test -->
