<?xml version="1.0" encoding="UTF-8"?>
<!-- Generated by org.testng.reporters.JUnitXMLReporter -->
<testsuite hostname="ADMIN-PC" ignored="0" name="Default test" tests="10" failures="0" timestamp="12 Aug 2020 12:09:07 GMT" time="18.087" errors="0">
  <testcase name="regression_verifyTitle" time="0.258" classname="com.demo.test"/>
  <testcase name="step1" time="0.129" classname="com.demo.test"/>
  <testcase name="step2" time="1.306" classname="com.demo.test"/>
  <testcase name="step3" time="0.295" classname="com.demo.test"/>
  <testcase name="step4" time="0.3" classname="com.demo.test"/>
  <testcase name="step5" time="0.099" classname="com.demo.test"/>
  <testcase name="step6" time="3.06" classname="com.demo.test"/>
  <testcase name="step7" time="0.337" classname="com.demo.test"/>
  <testcase name="step8" time="1.436" classname="com.demo.test"/>
  <testcase name="step9" time="0.297" classname="com.demo.test"/>
</testsuite> <!-- Default test -->
