<?xml version="1.0" encoding="UTF-8"?>
<!-- Generated by org.testng.reporters.JUnitXMLReporter -->
<testsuite hostname="ADMIN-PC" ignored="10" name="Test" tests="5" failures="0" timestamp="29 Jul 2020 14:11:57 GMT" time="13.979" errors="0">
  <testcase name="smoke_verifyTitle" time="0.223" classname="com.demo.test"/>
  <testcase name="smoke1" time="3.227" classname="com.demo.test"/>
  <testcase name="smoke2" time="0.047" classname="com.demo.test"/>
  <testcase name="smoke3" time="0.04" classname="com.demo.test"/>
  <testcase name="smoke4" time="0.039" classname="com.demo.test"/>
  <testcase name="step7" time="0.0" classname="com.demo.test">
    <ignored/>
  </testcase> <!-- step7 -->
  <testcase name="step8" time="0.0" classname="com.demo.test">
    <ignored/>
  </testcase> <!-- step8 -->
  <testcase name="step9" time="0.0" classname="com.demo.test">
    <ignored/>
  </testcase> <!-- step9 -->
  <testcase name="step3" time="0.0" classname="com.demo.test">
    <ignored/>
  </testcase> <!-- step3 -->
  <testcase name="step4" time="0.0" classname="com.demo.test">
    <ignored/>
  </testcase> <!-- step4 -->
  <testcase name="step5" time="0.0" classname="com.demo.test">
    <ignored/>
  </testcase> <!-- step5 -->
  <testcase name="step6" time="0.0" classname="com.demo.test">
    <ignored/>
  </testcase> <!-- step6 -->
  <testcase name="step1" time="0.0" classname="com.demo.test">
    <ignored/>
  </testcase> <!-- step1 -->
  <testcase name="step2" time="0.0" classname="com.demo.test">
    <ignored/>
  </testcase> <!-- step2 -->
  <testcase name="regression_verifyTitle" time="0.0" classname="com.demo.test">
    <ignored/>
  </testcase> <!-- regression_verifyTitle -->
</testsuite> <!-- Test -->
