<?xml version="1.0" encoding="UTF-8"?>
<!-- Generated by org.testng.reporters.JUnitXMLReporter -->
<testsuite hostname="ADMIN-PC" ignored="0" name="Test" tests="10" failures="0" timestamp="23 Jul 2020 15:11:49 GMT" time="29.795" errors="0">
  <testcase name="verifyTitle" time="0.45" classname="com.demo.test"/>
  <testcase name="step1" time="2.143" classname="com.demo.test"/>
  <testcase name="step2" time="3.334" classname="com.demo.test"/>
  <testcase name="step3" time="2.343" classname="com.demo.test"/>
  <testcase name="step4" time="2.293" classname="com.demo.test"/>
  <testcase name="step5" time="0.113" classname="com.demo.test"/>
  <testcase name="step6" time="3.067" classname="com.demo.test"/>
  <testcase name="step7" time="0.346" classname="com.demo.test"/>
  <testcase name="step8" time="3.476" classname="com.demo.test"/>
  <testcase name="step9" time="0.359" classname="com.demo.test"/>
</testsuite> <!-- Test -->
