<?xml version="1.0" encoding="UTF-8"?>
<!-- Generated by org.testng.reporters.JUnitXMLReporter -->
<testsuite hostname="ADMIN-PC" ignored="0" name="Test" tests="10" failures="0" timestamp="15 Aug 2020 05:04:41 GMT" time="21.699" errors="0">
  <testcase name="regression_verifyTitle" time="0.237" classname="com.demo.test"/>
  <testcase name="step1" time="0.187" classname="com.demo.test"/>
  <testcase name="step2" time="1.353" classname="com.demo.test"/>
  <testcase name="step3" time="0.293" classname="com.demo.test"/>
  <testcase name="step4" time="0.471" classname="com.demo.test"/>
  <testcase name="step5" time="0.106" classname="com.demo.test"/>
  <testcase name="step6" time="3.077" classname="com.demo.test"/>
  <testcase name="step7" time="0.337" classname="com.demo.test"/>
  <testcase name="step8" time="4.448" classname="com.demo.test"/>
  <testcase name="step9" time="0.358" classname="com.demo.test"/>
</testsuite> <!-- Test -->
