<?xml version="1.0" encoding="UTF-8"?>
<testng-results skipped="0" failed="0" ignored="0" total="10" passed="10">
  <reporter-output>
  </reporter-output>
  <suite name="Suite" duration-ms="29795" started-at="2020-07-23T15:11:20Z" finished-at="2020-07-23T15:11:49Z">
    <groups>
    </groups>
    <test name="Test" duration-ms="29795" started-at="2020-07-23T15:11:20Z" finished-at="2020-07-23T15:11:49Z">
      <class name="com.demo.test">
        <test-method status="PASS" signature="invokeBrowser()[pri:0, instance:com.demo.test@7bef452c]" name="invokeBrowser" is-config="true" duration-ms="6676" started-at="2020-07-23T15:11:20Z" finished-at="2020-07-23T15:11:26Z">
          <reporter-output>
          </reporter-output>
        </test-method> <!-- invokeBrowser -->
        <test-method status="PASS" signature="verifyTitle()[pri:0, instance:com.demo.test@7bef452c]" name="verifyTitle" duration-ms="450" started-at="2020-07-23T15:11:26Z" finished-at="2020-07-23T15:11:27Z">
          <reporter-output>
          </reporter-output>
        </test-method> <!-- verifyTitle -->
        <test-method status="PASS" signature="flush(org.testng.ITestResult)[pri:0, instance:com.demo.test@7bef452c]" name="flush" is-config="true" duration-ms="315" started-at="2020-07-23T15:11:27Z" finished-at="2020-07-23T15:11:27Z">
          <params>
            <param index="0">
              <value>
                <![CDATA[[TestResult name=verifyTitle status=SUCCESS method=test.verifyTitle()[pri:0, instance:com.demo.test@7bef452c] output={null}]]]>
              </value>
            </param>
          </params>
          <reporter-output>
          </reporter-output>
        </test-method> <!-- flush -->
        <test-method status="PASS" signature="step1()[pri:1, instance:com.demo.test@7bef452c]" name="step1" duration-ms="2143" started-at="2020-07-23T15:11:27Z" finished-at="2020-07-23T15:11:29Z">
          <reporter-output>
          </reporter-output>
        </test-method> <!-- step1 -->
        <test-method status="PASS" signature="flush(org.testng.ITestResult)[pri:0, instance:com.demo.test@7bef452c]" name="flush" is-config="true" duration-ms="53" started-at="2020-07-23T15:11:29Z" finished-at="2020-07-23T15:11:30Z">
          <params>
            <param index="0">
              <value>
                <![CDATA[[TestResult name=step1 status=SUCCESS method=test.step1()[pri:1, instance:com.demo.test@7bef452c] output={null}]]]>
              </value>
            </param>
          </params>
          <reporter-output>
          </reporter-output>
        </test-method> <!-- flush -->
        <test-method status="PASS" signature="step2()[pri:2, instance:com.demo.test@7bef452c]" name="step2" duration-ms="3334" started-at="2020-07-23T15:11:30Z" finished-at="2020-07-23T15:11:33Z">
          <reporter-output>
          </reporter-output>
        </test-method> <!-- step2 -->
        <test-method status="PASS" signature="flush(org.testng.ITestResult)[pri:0, instance:com.demo.test@7bef452c]" name="flush" is-config="true" duration-ms="31" started-at="2020-07-23T15:11:33Z" finished-at="2020-07-23T15:11:33Z">
          <params>
            <param index="0">
              <value>
                <![CDATA[[TestResult name=step2 status=SUCCESS method=test.step2()[pri:2, instance:com.demo.test@7bef452c] output={null}]]]>
              </value>
            </param>
          </params>
          <reporter-output>
          </reporter-output>
        </test-method> <!-- flush -->
        <test-method status="PASS" signature="step3()[pri:3, instance:com.demo.test@7bef452c]" name="step3" duration-ms="2343" started-at="2020-07-23T15:11:33Z" finished-at="2020-07-23T15:11:35Z">
          <reporter-output>
          </reporter-output>
        </test-method> <!-- step3 -->
        <test-method status="PASS" signature="flush(org.testng.ITestResult)[pri:0, instance:com.demo.test@7bef452c]" name="flush" is-config="true" duration-ms="31" started-at="2020-07-23T15:11:35Z" finished-at="2020-07-23T15:11:35Z">
          <params>
            <param index="0">
              <value>
                <![CDATA[[TestResult name=step3 status=SUCCESS method=test.step3()[pri:3, instance:com.demo.test@7bef452c] output={null}]]]>
              </value>
            </param>
          </params>
          <reporter-output>
          </reporter-output>
        </test-method> <!-- flush -->
        <test-method status="PASS" signature="step4()[pri:4, instance:com.demo.test@7bef452c]" name="step4" duration-ms="2293" started-at="2020-07-23T15:11:35Z" finished-at="2020-07-23T15:11:38Z">
          <reporter-output>
          </reporter-output>
        </test-method> <!-- step4 -->
        <test-method status="PASS" signature="flush(org.testng.ITestResult)[pri:0, instance:com.demo.test@7bef452c]" name="flush" is-config="true" duration-ms="31" started-at="2020-07-23T15:11:38Z" finished-at="2020-07-23T15:11:38Z">
          <params>
            <param index="0">
              <value>
                <![CDATA[[TestResult name=step4 status=SUCCESS method=test.step4()[pri:4, instance:com.demo.test@7bef452c] output={null}]]]>
              </value>
            </param>
          </params>
          <reporter-output>
          </reporter-output>
        </test-method> <!-- flush -->
        <test-method status="PASS" signature="step5()[pri:5, instance:com.demo.test@7bef452c]" name="step5" duration-ms="113" started-at="2020-07-23T15:11:38Z" finished-at="2020-07-23T15:11:38Z">
          <reporter-output>
          </reporter-output>
        </test-method> <!-- step5 -->
        <test-method status="PASS" signature="flush(org.testng.ITestResult)[pri:0, instance:com.demo.test@7bef452c]" name="flush" is-config="true" duration-ms="27" started-at="2020-07-23T15:11:38Z" finished-at="2020-07-23T15:11:38Z">
          <params>
            <param index="0">
              <value>
                <![CDATA[[TestResult name=step5 status=SUCCESS method=test.step5()[pri:5, instance:com.demo.test@7bef452c] output={null}]]]>
              </value>
            </param>
          </params>
          <reporter-output>
          </reporter-output>
        </test-method> <!-- flush -->
        <test-method status="PASS" signature="step6()[pri:6, instance:com.demo.test@7bef452c]" name="step6" duration-ms="3067" started-at="2020-07-23T15:11:38Z" finished-at="2020-07-23T15:11:41Z">
          <reporter-output>
          </reporter-output>
        </test-method> <!-- step6 -->
        <test-method status="PASS" signature="flush(org.testng.ITestResult)[pri:0, instance:com.demo.test@7bef452c]" name="flush" is-config="true" duration-ms="31" started-at="2020-07-23T15:11:41Z" finished-at="2020-07-23T15:11:41Z">
          <params>
            <param index="0">
              <value>
                <![CDATA[[TestResult name=step6 status=SUCCESS method=test.step6()[pri:6, instance:com.demo.test@7bef452c] output={null}]]]>
              </value>
            </param>
          </params>
          <reporter-output>
          </reporter-output>
        </test-method> <!-- flush -->
        <test-method status="PASS" signature="step7()[pri:7, instance:com.demo.test@7bef452c]" name="step7" duration-ms="346" started-at="2020-07-23T15:11:41Z" finished-at="2020-07-23T15:11:41Z">
          <reporter-output>
          </reporter-output>
        </test-method> <!-- step7 -->
        <test-method status="PASS" signature="flush(org.testng.ITestResult)[pri:0, instance:com.demo.test@7bef452c]" name="flush" is-config="true" duration-ms="32" started-at="2020-07-23T15:11:41Z" finished-at="2020-07-23T15:11:41Z">
          <params>
            <param index="0">
              <value>
                <![CDATA[[TestResult name=step7 status=SUCCESS method=test.step7()[pri:7, instance:com.demo.test@7bef452c] output={null}]]]>
              </value>
            </param>
          </params>
          <reporter-output>
          </reporter-output>
        </test-method> <!-- flush -->
        <test-method status="PASS" signature="step8()[pri:8, instance:com.demo.test@7bef452c]" name="step8" duration-ms="3476" started-at="2020-07-23T15:11:41Z" finished-at="2020-07-23T15:11:45Z">
          <reporter-output>
          </reporter-output>
        </test-method> <!-- step8 -->
        <test-method status="PASS" signature="flush(org.testng.ITestResult)[pri:0, instance:com.demo.test@7bef452c]" name="flush" is-config="true" duration-ms="15" started-at="2020-07-23T15:11:45Z" finished-at="2020-07-23T15:11:45Z">
          <params>
            <param index="0">
              <value>
                <![CDATA[[TestResult name=step8 status=SUCCESS method=test.step8()[pri:8, instance:com.demo.test@7bef452c] output={null}]]]>
              </value>
            </param>
          </params>
          <reporter-output>
          </reporter-output>
        </test-method> <!-- flush -->
        <test-method status="PASS" signature="step9()[pri:9, instance:com.demo.test@7bef452c]" name="step9" duration-ms="359" started-at="2020-07-23T15:11:45Z" finished-at="2020-07-23T15:11:45Z">
          <reporter-output>
          </reporter-output>
        </test-method> <!-- step9 -->
        <test-method status="PASS" signature="flush(org.testng.ITestResult)[pri:0, instance:com.demo.test@7bef452c]" name="flush" is-config="true" duration-ms="16" started-at="2020-07-23T15:11:45Z" finished-at="2020-07-23T15:11:45Z">
          <params>
            <param index="0">
              <value>
                <![CDATA[[TestResult name=step9 status=SUCCESS method=test.step9()[pri:9, instance:com.demo.test@7bef452c] output={null}]]]>
              </value>
            </param>
          </params>
          <reporter-output>
          </reporter-output>
        </test-method> <!-- flush -->
        <test-method status="PASS" signature="closing()[pri:0, instance:com.demo.test@7bef452c]" name="closing" is-config="true" duration-ms="4382" started-at="2020-07-23T15:11:45Z" finished-at="2020-07-23T15:11:49Z">
          <reporter-output>
          </reporter-output>
        </test-method> <!-- closing -->
      </class> <!-- com.demo.test -->
    </test> <!-- Test -->
  </suite> <!-- Suite -->
</testng-results>
