<?xml version="1.0" encoding="UTF-8"?>
<!-- Generated by org.testng.reporters.JUnitXMLReporter -->
<testsuite hostname="ADMIN-PC" ignored="0" name="Test" tests="6" failures="0" timestamp="15 Aug 2020 05:04:52 GMT" time="11.543" errors="0">
  <testcase name="smoke_verifyTitle" time="0.022" classname="com.demo.smokeTest"/>
  <testcase name="smoke1" time="0.249" classname="com.demo.smokeTest"/>
  <testcase name="smoke2" time="0.268" classname="com.demo.smokeTest"/>
  <testcase name="smoke3" time="0.084" classname="com.demo.smokeTest"/>
  <testcase name="smoke4" time="0.077" classname="com.demo.smokeTest"/>
  <testcase name="screenshot" time="2.353" classname="com.demo.smokeTest"/>
</testsuite> <!-- Test -->
