<?xml version="1.0" encoding="UTF-8"?>
<testng-results skipped="0" failed="0" ignored="0" total="10" passed="10">
  <reporter-output>
  </reporter-output>
  <suite name="Default suite" duration-ms="18087" started-at="2020-08-12T12:08:49Z" finished-at="2020-08-12T12:09:07Z">
    <groups>
    </groups>
    <test name="Default test" duration-ms="18087" started-at="2020-08-12T12:08:49Z" finished-at="2020-08-12T12:09:07Z">
      <class name="com.demo.test">
        <test-method status="PASS" signature="invokeBrowser()[pri:0, instance:com.demo.test@646811d6]" name="invokeBrowser" is-config="true" duration-ms="5373" started-at="2020-08-12T12:08:49Z" finished-at="2020-08-12T12:08:54Z">
          <reporter-output>
          </reporter-output>
        </test-method> <!-- invokeBrowser -->
        <test-method status="PASS" signature="regression_verifyTitle()[pri:0, instance:com.demo.test@646811d6]" name="regression_verifyTitle" duration-ms="258" started-at="2020-08-12T12:08:54Z" finished-at="2020-08-12T12:08:55Z">
          <reporter-output>
          </reporter-output>
        </test-method> <!-- regression_verifyTitle -->
        <test-method status="PASS" signature="flush(org.testng.ITestResult)[pri:0, instance:com.demo.test@646811d6]" name="flush" is-config="true" duration-ms="323" started-at="2020-08-12T12:08:55Z" finished-at="2020-08-12T12:08:55Z">
          <params>
            <param index="0">
              <value>
                <![CDATA[[TestResult name=regression_verifyTitle status=SUCCESS method=test.regression_verifyTitle()[pri:0, instance:com.demo.test@646811d6] output={null}]]]>
              </value>
            </param>
          </params>
          <reporter-output>
          </reporter-output>
        </test-method> <!-- flush -->
        <test-method status="PASS" signature="step1()[pri:1, instance:com.demo.test@646811d6]" name="step1" duration-ms="129" started-at="2020-08-12T12:08:55Z" finished-at="2020-08-12T12:08:55Z">
          <reporter-output>
          </reporter-output>
        </test-method> <!-- step1 -->
        <test-method status="PASS" signature="flush(org.testng.ITestResult)[pri:0, instance:com.demo.test@646811d6]" name="flush" is-config="true" duration-ms="68" started-at="2020-08-12T12:08:55Z" finished-at="2020-08-12T12:08:55Z">
          <params>
            <param index="0">
              <value>
                <![CDATA[[TestResult name=step1 status=SUCCESS method=test.step1()[pri:1, instance:com.demo.test@646811d6] output={null}]]]>
              </value>
            </param>
          </params>
          <reporter-output>
          </reporter-output>
        </test-method> <!-- flush -->
        <test-method status="PASS" signature="step2()[pri:2, instance:com.demo.test@646811d6]" name="step2" duration-ms="1306" started-at="2020-08-12T12:08:55Z" finished-at="2020-08-12T12:08:57Z">
          <reporter-output>
          </reporter-output>
        </test-method> <!-- step2 -->
        <test-method status="PASS" signature="flush(org.testng.ITestResult)[pri:0, instance:com.demo.test@646811d6]" name="flush" is-config="true" duration-ms="34" started-at="2020-08-12T12:08:57Z" finished-at="2020-08-12T12:08:57Z">
          <params>
            <param index="0">
              <value>
                <![CDATA[[TestResult name=step2 status=SUCCESS method=test.step2()[pri:2, instance:com.demo.test@646811d6] output={null}]]]>
              </value>
            </param>
          </params>
          <reporter-output>
          </reporter-output>
        </test-method> <!-- flush -->
        <test-method status="PASS" signature="step3()[pri:3, instance:com.demo.test@646811d6]" name="step3" duration-ms="295" started-at="2020-08-12T12:08:57Z" finished-at="2020-08-12T12:08:57Z">
          <reporter-output>
          </reporter-output>
        </test-method> <!-- step3 -->
        <test-method status="PASS" signature="flush(org.testng.ITestResult)[pri:0, instance:com.demo.test@646811d6]" name="flush" is-config="true" duration-ms="28" started-at="2020-08-12T12:08:57Z" finished-at="2020-08-12T12:08:57Z">
          <params>
            <param index="0">
              <value>
                <![CDATA[[TestResult name=step3 status=SUCCESS method=test.step3()[pri:3, instance:com.demo.test@646811d6] output={null}]]]>
              </value>
            </param>
          </params>
          <reporter-output>
          </reporter-output>
        </test-method> <!-- flush -->
        <test-method status="PASS" signature="step4()[pri:4, instance:com.demo.test@646811d6]" name="step4" duration-ms="300" started-at="2020-08-12T12:08:57Z" finished-at="2020-08-12T12:08:57Z">
          <reporter-output>
          </reporter-output>
        </test-method> <!-- step4 -->
        <test-method status="PASS" signature="flush(org.testng.ITestResult)[pri:0, instance:com.demo.test@646811d6]" name="flush" is-config="true" duration-ms="25" started-at="2020-08-12T12:08:57Z" finished-at="2020-08-12T12:08:57Z">
          <params>
            <param index="0">
              <value>
                <![CDATA[[TestResult name=step4 status=SUCCESS method=test.step4()[pri:4, instance:com.demo.test@646811d6] output={null}]]]>
              </value>
            </param>
          </params>
          <reporter-output>
          </reporter-output>
        </test-method> <!-- flush -->
        <test-method status="PASS" signature="step5()[pri:5, instance:com.demo.test@646811d6]" name="step5" duration-ms="99" started-at="2020-08-12T12:08:57Z" finished-at="2020-08-12T12:08:57Z">
          <reporter-output>
          </reporter-output>
        </test-method> <!-- step5 -->
        <test-method status="PASS" signature="flush(org.testng.ITestResult)[pri:0, instance:com.demo.test@646811d6]" name="flush" is-config="true" duration-ms="27" started-at="2020-08-12T12:08:57Z" finished-at="2020-08-12T12:08:57Z">
          <params>
            <param index="0">
              <value>
                <![CDATA[[TestResult name=step5 status=SUCCESS method=test.step5()[pri:5, instance:com.demo.test@646811d6] output={null}]]]>
              </value>
            </param>
          </params>
          <reporter-output>
          </reporter-output>
        </test-method> <!-- flush -->
        <test-method status="PASS" signature="step6()[pri:6, instance:com.demo.test@646811d6]" name="step6" duration-ms="3060" started-at="2020-08-12T12:08:57Z" finished-at="2020-08-12T12:09:01Z">
          <reporter-output>
          </reporter-output>
        </test-method> <!-- step6 -->
        <test-method status="PASS" signature="flush(org.testng.ITestResult)[pri:0, instance:com.demo.test@646811d6]" name="flush" is-config="true" duration-ms="42" started-at="2020-08-12T12:09:01Z" finished-at="2020-08-12T12:09:01Z">
          <params>
            <param index="0">
              <value>
                <![CDATA[[TestResult name=step6 status=SUCCESS method=test.step6()[pri:6, instance:com.demo.test@646811d6] output={null}]]]>
              </value>
            </param>
          </params>
          <reporter-output>
          </reporter-output>
        </test-method> <!-- flush -->
        <test-method status="PASS" signature="step7()[pri:7, instance:com.demo.test@646811d6]" name="step7" duration-ms="337" started-at="2020-08-12T12:09:01Z" finished-at="2020-08-12T12:09:01Z">
          <reporter-output>
          </reporter-output>
        </test-method> <!-- step7 -->
        <test-method status="PASS" signature="flush(org.testng.ITestResult)[pri:0, instance:com.demo.test@646811d6]" name="flush" is-config="true" duration-ms="26" started-at="2020-08-12T12:09:01Z" finished-at="2020-08-12T12:09:01Z">
          <params>
            <param index="0">
              <value>
                <![CDATA[[TestResult name=step7 status=SUCCESS method=test.step7()[pri:7, instance:com.demo.test@646811d6] output={null}]]]>
              </value>
            </param>
          </params>
          <reporter-output>
          </reporter-output>
        </test-method> <!-- flush -->
        <test-method status="PASS" signature="step8()[pri:8, instance:com.demo.test@646811d6]" name="step8" duration-ms="1436" started-at="2020-08-12T12:09:01Z" finished-at="2020-08-12T12:09:02Z">
          <reporter-output>
          </reporter-output>
        </test-method> <!-- step8 -->
        <test-method status="PASS" signature="flush(org.testng.ITestResult)[pri:0, instance:com.demo.test@646811d6]" name="flush" is-config="true" duration-ms="33" started-at="2020-08-12T12:09:02Z" finished-at="2020-08-12T12:09:02Z">
          <params>
            <param index="0">
              <value>
                <![CDATA[[TestResult name=step8 status=SUCCESS method=test.step8()[pri:8, instance:com.demo.test@646811d6] output={null}]]]>
              </value>
            </param>
          </params>
          <reporter-output>
          </reporter-output>
        </test-method> <!-- flush -->
        <test-method status="PASS" signature="step9()[pri:9, instance:com.demo.test@646811d6]" name="step9" duration-ms="297" started-at="2020-08-12T12:09:02Z" finished-at="2020-08-12T12:09:03Z">
          <reporter-output>
          </reporter-output>
        </test-method> <!-- step9 -->
        <test-method status="PASS" signature="flush(org.testng.ITestResult)[pri:0, instance:com.demo.test@646811d6]" name="flush" is-config="true" duration-ms="26" started-at="2020-08-12T12:09:03Z" finished-at="2020-08-12T12:09:03Z">
          <params>
            <param index="0">
              <value>
                <![CDATA[[TestResult name=step9 status=SUCCESS method=test.step9()[pri:9, instance:com.demo.test@646811d6] output={null}]]]>
              </value>
            </param>
          </params>
          <reporter-output>
          </reporter-output>
        </test-method> <!-- flush -->
        <test-method status="PASS" signature="closing()[pri:0, instance:com.demo.test@646811d6]" name="closing" is-config="true" duration-ms="4320" started-at="2020-08-12T12:09:03Z" finished-at="2020-08-12T12:09:07Z">
          <reporter-output>
          </reporter-output>
        </test-method> <!-- closing -->
      </class> <!-- com.demo.test -->
    </test> <!-- Default test -->
  </suite> <!-- Default suite -->
</testng-results>
